TN:
SF:controllers\userController.js
FN:5,(anonymous_0)
FN:16,(anonymous_1)
FN:26,(anonymous_2)
FN:40,(anonymous_3)
FN:55,(anonymous_4)
FNF:5
FNH:5
FNDA:2,(anonymous_0)
FNDA:2,(anonymous_1)
FNDA:3,(anonymous_2)
FNDA:3,(anonymous_3)
FNDA:3,(anonymous_4)
DA:1,2
DA:6,2
DA:7,2
DA:8,2
DA:9,1
DA:11,1
DA:17,2
DA:18,2
DA:19,1
DA:21,1
DA:27,3
DA:28,3
DA:29,2
DA:30,1
DA:32,1
DA:35,1
DA:41,3
DA:42,3
DA:43,3
DA:44,1
DA:46,2
DA:47,1
DA:49,1
DA:56,3
DA:57,3
DA:58,1
DA:60,2
DA:61,1
DA:63,1
DA:69,2
LF:30
LH:30
BRDA:29,0,0,1
BRDA:29,0,1,1
BRDA:46,1,0,1
BRDA:46,1,1,1
BRDA:60,2,0,1
BRDA:60,2,1,1
BRF:6
BRH:6
end_of_record
TN:
SF:models\User.js
FNF:0
FNH:0
DA:1,3
DA:2,3
DA:4,3
DA:39,3
LF:4
LH:4
BRF:0
BRH:0
end_of_record
TN:
SF:models\index.js
FN:21,(anonymous_0)
FN:29,(anonymous_1)
FN:34,(anonymous_2)
FNF:3
FNH:0
FNDA:0,(anonymous_0)
FNDA:0,(anonymous_1)
FNDA:0,(anonymous_2)
DA:3,0
DA:4,0
DA:5,0
DA:6,0
DA:7,0
DA:8,0
DA:9,0
DA:10,0
DA:13,0
DA:14,0
DA:16,0
DA:19,0
DA:22,0
DA:30,0
DA:31,0
DA:34,0
DA:35,0
DA:36,0
DA:40,0
DA:41,0
DA:43,0
LF:21
LH:0
BRDA:8,0,0,0
BRDA:8,0,1,0
BRDA:13,1,0,0
BRDA:13,1,1,0
BRDA:23,2,0,0
BRDA:23,2,1,0
BRDA:23,2,2,0
BRDA:23,2,3,0
BRDA:35,3,0,0
BRDA:35,3,1,0
BRF:10
BRH:0
end_of_record
TN:
SF:services\userService.js
FN:5,(anonymous_0)
FN:15,(anonymous_1)
FN:25,(anonymous_2)
FN:35,(anonymous_3)
FN:49,(anonymous_4)
FNF:5
FNH:5
FNDA:2,(anonymous_0)
FNDA:2,(anonymous_1)
FNDA:3,(anonymous_2)
FNDA:3,(anonymous_3)
FNDA:3,(anonymous_4)
DA:1,3
DA:6,2
DA:7,2
DA:8,1
DA:10,1
DA:16,2
DA:17,2
DA:18,1
DA:20,1
DA:26,3
DA:27,3
DA:28,2
DA:30,1
DA:36,3
DA:37,3
DA:38,3
DA:39,1
DA:41,2
DA:42,1
DA:44,2
DA:50,3
DA:51,3
DA:52,3
DA:53,1
DA:55,2
DA:56,1
DA:58,2
DA:63,3
LF:28
LH:28
BRDA:38,0,0,1
BRDA:38,0,1,2
BRDA:52,1,0,1
BRDA:52,1,1,2
BRF:4
BRH:4
end_of_record
TN:
SF:utils\migrationRunner.js
FN:6,(anonymous_0)
FN:10,(anonymous_1)
FN:35,(anonymous_2)
FN:43,(anonymous_3)
FN:46,(anonymous_4)
FN:50,(anonymous_5)
FN:52,(anonymous_6)
FN:55,(anonymous_7)
FN:75,(anonymous_8)
FNF:9
FNH:0
FNDA:0,(anonymous_0)
FNDA:0,(anonymous_1)
FNDA:0,(anonymous_2)
FNDA:0,(anonymous_3)
FNDA:0,(anonymous_4)
FNDA:0,(anonymous_5)
FNDA:0,(anonymous_6)
FNDA:0,(anonymous_7)
FNDA:0,(anonymous_8)
DA:1,0
DA:2,0
DA:3,0
DA:7,0
DA:11,0
DA:13,0
DA:16,0
DA:19,0
DA:22,0
DA:23,0
DA:24,0
DA:28,0
DA:30,0
DA:31,0
DA:36,0
DA:44,0
DA:46,0
DA:51,0
DA:52,0
DA:56,0
DA:58,0
DA:60,0
DA:61,0
DA:64,0
DA:68,0
DA:70,0
DA:71,0
DA:76,0
DA:78,0
DA:80,0
DA:81,0
DA:84,0
DA:88,0
DA:90,0
DA:91,0
DA:96,0
LF:36
LH:0
BRDA:23,0,0,0
BRDA:23,0,1,0
BRF:2
BRH:0
end_of_record
